Using pre-set license
Built from '2020.3/china_unity/release' branch; Version is '2020.3.28f1c1 (048a2ac0d3c1) revision 297514'; Using compiler version '192528614'; Build Type 'Release'
OS: 'Windows 10  (10.0.18363) 64bit Professional' Language: 'zh' Physical Memory: 16328 MB
BatchMode: 1, IsHumanControllingUs: 0, StartBugReporterOnCrash: 0, Is64bit: 1, IsPro: 0

COMMAND LINE ARGUMENTS:
E:\UnityEditors\2020.3.28f1c1\Editor\Unity.exe
-adb2
-batchMode
-noUpm
-name
AssetImportWorker1
-projectPath
D:/Code/UnityProjects/MMORPG_Unity
-logFile
Logs/AssetImportWorker1.log
-srvPort
64483
Successfully changed project path to: D:/Code/UnityProjects/MMORPG_Unity
D:/Code/UnityProjects/MMORPG_Unity
Using Asset Import Pipeline V2.
AS: AutoStreaming module initializing.Refreshing native plugins compatible for Editor in 42.95 ms, found 3 plugins.
Preloading 0 native plugins for Editor in 0.00 ms.
Initialize engine version: 2020.3.28f1c1 (048a2ac0d3c1)
[Subsystems] Discovering subsystems at path E:/UnityEditors/2020.3.28f1c1/Editor/Data/Resources/UnitySubsystems
[Subsystems] Discovering subsystems at path D:/Code/UnityProjects/MMORPG_Unity/Assets
GfxDevice: creating device client; threaded=0
Direct3D:
    Version:  Direct3D 11.0 [level 11.1]
    Renderer: NVIDIA GeForce GTX 1650 (ID=0x1f0a)
    Vendor:   
    VRAM:     3961 MB
    Driver:   27.21.14.5638
Initialize mono
Mono path[0] = 'E:/UnityEditors/2020.3.28f1c1/Editor/Data/Managed'
Mono path[1] = 'E:/UnityEditors/2020.3.28f1c1/Editor/Data/MonoBleedingEdge/lib/mono/unityjit'
Mono config path = 'E:/UnityEditors/2020.3.28f1c1/Editor/Data/MonoBleedingEdge/etc'
Using monoOptions --debugger-agent=transport=dt_socket,embedding=1,server=y,suspend=n,address=127.0.0.1:56744
Begin MonoManager ReloadAssembly
Registering precompiled unity dll's ...
Register platform support module: E:/UnityEditors/2020.3.28f1c1/Editor/Data/PlaybackEngines/WebGLSupport/UnityEditor.WebGL.Extensions.dll
Register platform support module: E:/UnityEditors/2020.3.28f1c1/Editor/Data/PlaybackEngines/WindowsStandaloneSupport/UnityEditor.WindowsStandalone.Extensions.dll
Registered in 0.000791 seconds.
Native extension for WindowsStandalone target not found
Native extension for WebGL target not found
Refreshing native plugins compatible for Editor in 43.32 ms, found 3 plugins.
Preloading 0 native plugins for Editor in 0.00 ms.
Mono: successfully reloaded assembly
- Completed reload, in  0.521 seconds
Domain Reload Profiling:
	ReloadAssembly (522ms)
		BeginReloadAssembly (50ms)
			ExecutionOrderSort (0ms)
			DisableScriptedObjects (0ms)
			BackupInstance (0ms)
			ReleaseScriptingObjects (0ms)
			CreateAndSetChildDomain (1ms)
		EndReloadAssembly (414ms)
			LoadAssemblies (49ms)
			RebuildTransferFunctionScriptingTraits (0ms)
			SetupTypeCache (133ms)
			ReleaseScriptCaches (0ms)
			RebuildScriptCaches (28ms)
			SetupLoadedEditorAssemblies (165ms)
				LogAssemblyErrors (0ms)
				InitializePlatformSupportModulesInManaged (4ms)
				SetLoadedEditorAssemblies (0ms)
				RefreshPlugins (43ms)
				BeforeProcessingInitializeOnLoad (15ms)
				ProcessInitializeOnLoadAttributes (77ms)
				ProcessInitializeOnLoadMethodAttributes (26ms)
				AfterProcessingInitializeOnLoad (0ms)
				EditorAssembliesLoaded (0ms)
			ExecutionOrderSort2 (0ms)
			AwakeInstancesAfterBackupRestoration (0ms)
Platform modules already initialized, skipping
Registering precompiled user dll's ...
Registered in 0.002350 seconds.
Begin MonoManager ReloadAssembly
Native extension for WindowsStandalone target not found
Native extension for WebGL target not found
Refreshing native plugins compatible for Editor in 0.50 ms, found 3 plugins.
Preloading 0 native plugins for Editor in 0.00 ms.
Mono: successfully reloaded assembly
- Completed reload, in  0.890 seconds
Domain Reload Profiling:
	ReloadAssembly (891ms)
		BeginReloadAssembly (129ms)
			ExecutionOrderSort (0ms)
			DisableScriptedObjects (4ms)
			BackupInstance (0ms)
			ReleaseScriptingObjects (0ms)
			CreateAndSetChildDomain (18ms)
		EndReloadAssembly (712ms)
			LoadAssemblies (75ms)
			RebuildTransferFunctionScriptingTraits (0ms)
			SetupTypeCache (254ms)
			ReleaseScriptCaches (0ms)
			RebuildScriptCaches (45ms)
			SetupLoadedEditorAssemblies (258ms)
				LogAssemblyErrors (0ms)
				InitializePlatformSupportModulesInManaged (5ms)
				SetLoadedEditorAssemblies (0ms)
				RefreshPlugins (1ms)
				BeforeProcessingInitializeOnLoad (67ms)
				ProcessInitializeOnLoadAttributes (176ms)
				ProcessInitializeOnLoadMethodAttributes (7ms)
				AfterProcessingInitializeOnLoad (2ms)
				EditorAssembliesLoaded (0ms)
			ExecutionOrderSort2 (0ms)
			AwakeInstancesAfterBackupRestoration (6ms)
Platform modules already initialized, skipping
========================================================================
Worker process is ready to serve import requests
Launched and connected shader compiler UnityShaderCompiler.exe after 0.06 seconds
Refreshing native plugins compatible for Editor in 0.50 ms, found 3 plugins.
Preloading 0 native plugins for Editor in 0.00 ms.
Unloading 1870 Unused Serialized files (Serialized files now loaded: 0)
System memory in use before: 88.7 MB.
System memory in use after: 88.8 MB.

Unloading 22 unused Assets to reduce memory usage. Loaded Objects now: 2302.
Total: 2.522900 ms (FindLiveObjects: 0.133700 ms CreateObjectMapping: 0.054100 ms MarkObjects: 2.263400 ms  DeleteObjects: 0.070900 ms)

AssetImportParameters requested are different than current active one (requested -> active):
  custom:framework-win-MediaFoundation: 216162199b28c13a410421893ffa2e32 -> 
  custom:video-decoder-ogg-theora: a1e56fd34408186e4bbccfd4996cb3dc -> 
  custom:container-muxer-webm: aa71ff27fc2769a1b78a27578f13a17b -> 
  custom:container-demuxer-webm: 4f35f7cbe854078d1ac9338744f61a02 -> 
  custom:container-demuxer-ogg: 62fdf1f143b41e24485cea50d1cbac27 -> 
  custom:video-encoder-webm-vp8: eb34c28f22e8b96e1ab97ce403110664 -> 
  custom:video-decoder-webm-vp8: 9c59270c3fd7afecdb556c50c9e8de78 -> 
  custom:audio-decoder-ogg-vorbis: bf7c407c2cedff20999df2af8eb42d56 -> 
  custom:audio-encoder-webm-vorbis: bf7c407c2cedff20999df2af8eb42d56 -> 
========================================================================
Received Import Request.
  path: Assets/Plugins/FingerGestures
  artifactKey: Guid(725806679cf719a4cba62964f27b54d3) Importer(815301076,1909f56bfc062723c751e8b465ee728b)
Start importing Assets/Plugins/FingerGestures using Guid(725806679cf719a4cba62964f27b54d3) Importer(815301076,1909f56bfc062723c751e8b465ee728b)  -> (artifact id: 'c3751584fbe061af6e0c560b6ce5f1dd') in 0.003757 seconds 
  Import took 0.006199 seconds .

========================================================================
Received Import Request.
  Time since last request: 9.780313 seconds.
  path: Assets/FingerGestures/Prefabs/Components/Default Finger Motion.prefab
  artifactKey: Guid(6a680e95f35933c439cdb26d21cc6023) Importer(815301076,1909f56bfc062723c751e8b465ee728b)
Start importing Assets/FingerGestures/Prefabs/Components/Default Finger Motion.prefab using Guid(6a680e95f35933c439cdb26d21cc6023) Importer(815301076,1909f56bfc062723c751e8b465ee728b)  -> (artifact id: 'ebb6d8fd11cf1573ee0001ec7c6aa3e6') in 0.039037 seconds 
  Import took 0.041684 seconds .

========================================================================
Received Import Request.
  Time since last request: 0.000164 seconds.
  path: Assets/FingerGestures/Prefabs/Components/Default Two-Finger Drag.prefab
  artifactKey: Guid(d617d2da939e9324c8cbe3cb5f449b20) Importer(815301076,1909f56bfc062723c751e8b465ee728b)
Start importing Assets/FingerGestures/Prefabs/Components/Default Two-Finger Drag.prefab using Guid(d617d2da939e9324c8cbe3cb5f449b20) Importer(815301076,1909f56bfc062723c751e8b465ee728b)  -> (artifact id: 'b088f4e59d18e71f1125ec6f70dabb10') in 0.003568 seconds 
  Import took 0.006186 seconds .

========================================================================
Received Import Request.
  Time since last request: 0.000216 seconds.
  path: Assets/FingerGestures/Prefabs/Components/Default Two-Finger Long Press.prefab
  artifactKey: Guid(74c93532f1a563a42a4be9cccd420c5a) Importer(815301076,1909f56bfc062723c751e8b465ee728b)
Start importing Assets/FingerGestures/Prefabs/Components/Default Two-Finger Long Press.prefab using Guid(74c93532f1a563a42a4be9cccd420c5a) Importer(815301076,1909f56bfc062723c751e8b465ee728b)  -> (artifact id: '6352fa891169a47b6dd45f9cc8eb50d2') in 0.003783 seconds 
  Import took 0.006842 seconds .

========================================================================
Received Import Request.
  Time since last request: 0.000234 seconds.
  path: Assets/FingerGestures/Prefabs/Components/Default Two-Finger Tap.prefab
  artifactKey: Guid(1b87693d6ff49c248908264b79496e1c) Importer(815301076,1909f56bfc062723c751e8b465ee728b)
Start importing Assets/FingerGestures/Prefabs/Components/Default Two-Finger Tap.prefab using Guid(1b87693d6ff49c248908264b79496e1c) Importer(815301076,1909f56bfc062723c751e8b465ee728b)  -> (artifact id: 'a1b42982b33b515ff185767d4972777f') in 0.003688 seconds 
  Import took 0.006640 seconds .

========================================================================
Received Import Request.
  Time since last request: 0.000257 seconds.
  path: Assets/FingerGestures/Prefabs/Finger Gestures Initializer.prefab
  artifactKey: Guid(96f4356a25e065446a6e8c4500a99fa0) Importer(815301076,1909f56bfc062723c751e8b465ee728b)
Start importing Assets/FingerGestures/Prefabs/Finger Gestures Initializer.prefab using Guid(96f4356a25e065446a6e8c4500a99fa0) Importer(815301076,1909f56bfc062723c751e8b465ee728b)  -> (artifact id: '9f0bfa61b7c5e8cc00daa5b9c0581c75') in 0.009433 seconds 
  Import took 0.012428 seconds .

========================================================================
Received Import Request.
  Time since last request: 0.000255 seconds.
  path: Assets/FingerGestures/Prefabs/Components/Default Two-Finger Swipe.prefab
  artifactKey: Guid(df71458ff32048a488ab1539cf31ff71) Importer(815301076,1909f56bfc062723c751e8b465ee728b)
Start importing Assets/FingerGestures/Prefabs/Components/Default Two-Finger Swipe.prefab using Guid(df71458ff32048a488ab1539cf31ff71) Importer(815301076,1909f56bfc062723c751e8b465ee728b)  -> (artifact id: '99d18c1b799311b4a22d45395cc4fda6') in 0.003761 seconds 
  Import took 0.006606 seconds .

========================================================================
Received Import Request.
  Time since last request: 9.390960 seconds.
  path: Assets/FingerGestures
  artifactKey: Guid(e055c1a0221bab842a238771803269cb) Importer(815301076,1909f56bfc062723c751e8b465ee728b)
Start importing Assets/FingerGestures using Guid(e055c1a0221bab842a238771803269cb) Importer(815301076,1909f56bfc062723c751e8b465ee728b)  -> (artifact id: '2d8fe04202a7e5e90b15624aac42ace9') in 0.001556 seconds 
  Import took 0.004493 seconds .

========================================================================
Received Import Request.
  Time since last request: 34.376088 seconds.
  path: Assets/Plugins/FingerGestures/Components/Base/AveragedGestureRecognizer.cs
  artifactKey: Guid(6e7847fad8efa494b8d8b3fac7cde955) Importer(815301076,1909f56bfc062723c751e8b465ee728b)
Start importing Assets/Plugins/FingerGestures/Components/Base/AveragedGestureRecognizer.cs using Guid(6e7847fad8efa494b8d8b3fac7cde955) Importer(815301076,1909f56bfc062723c751e8b465ee728b)  -> (artifact id: 'ba286487edcf9abbe8b6ba6ea468099b') in 0.003537 seconds 
  Import took 0.006422 seconds .

========================================================================
Received Import Request.
  Time since last request: 0.239290 seconds.
  path: Assets/Plugins/FingerGestures/Components/Base/FGComponent.cs
  artifactKey: Guid(0f8ed7bd7d9a2e64c993b8f87a9666c5) Importer(815301076,1909f56bfc062723c751e8b465ee728b)
Start importing Assets/Plugins/FingerGestures/Components/Base/FGComponent.cs using Guid(0f8ed7bd7d9a2e64c993b8f87a9666c5) Importer(815301076,1909f56bfc062723c751e8b465ee728b)  -> (artifact id: '1e71e02058d5ec4e6b53e7b0a0afa615') in 0.001751 seconds 
  Import took 0.004472 seconds .

========================================================================
Received Import Request.
  Time since last request: 0.258151 seconds.
  path: Assets/Plugins/FingerGestures/Components/Base/GestureRecognizer.cs
  artifactKey: Guid(c40e096d158543a4f93c1495c499ffc7) Importer(815301076,1909f56bfc062723c751e8b465ee728b)
Start importing Assets/Plugins/FingerGestures/Components/Base/GestureRecognizer.cs using Guid(c40e096d158543a4f93c1495c499ffc7) Importer(815301076,1909f56bfc062723c751e8b465ee728b)  -> (artifact id: '095b5011d9b4ff8b5a1d5b3f6b7a605f') in 0.001987 seconds 
  Import took 0.004923 seconds .

========================================================================
Received Import Request.
  Time since last request: 0.250887 seconds.
  path: Assets/Plugins/FingerGestures/Components/Base/MultiFingerGestureRecognizer.cs
  artifactKey: Guid(c8cb766a4f2170046a74d49cef369181) Importer(815301076,1909f56bfc062723c751e8b465ee728b)
Start importing Assets/Plugins/FingerGestures/Components/Base/MultiFingerGestureRecognizer.cs using Guid(c8cb766a4f2170046a74d49cef369181) Importer(815301076,1909f56bfc062723c751e8b465ee728b)  -> (artifact id: '86f0c2273ff5b028ce67d909283c058a') in 0.001581 seconds 
  Import took 0.004261 seconds .

========================================================================
Received Import Request.
  Time since last request: 1.178563 seconds.
  path: Assets/Plugins/FingerGestures/Components/Base
  artifactKey: Guid(0b276e5079a87f54bb2db4f84e82f2f5) Importer(815301076,1909f56bfc062723c751e8b465ee728b)
Start importing Assets/Plugins/FingerGestures/Components/Base using Guid(0b276e5079a87f54bb2db4f84e82f2f5) Importer(815301076,1909f56bfc062723c751e8b465ee728b)  -> (artifact id: '42138f27767f9431b9f5d2e15e577b37') in 0.002168 seconds 
  Import took 0.005004 seconds .

========================================================================
Received Import Request.
  Time since last request: 1.502737 seconds.
  path: Assets/Plugins/FingerGestures/TouchScreenGestures.cs
  artifactKey: Guid(4fbaa5e5ac0f1f045aafccc536e33b64) Importer(815301076,1909f56bfc062723c751e8b465ee728b)
Start importing Assets/Plugins/FingerGestures/TouchScreenGestures.cs using Guid(4fbaa5e5ac0f1f045aafccc536e33b64) Importer(815301076,1909f56bfc062723c751e8b465ee728b)  -> (artifact id: '15d6584ff3136ed42bbab0954f15ec28') in 0.001668 seconds 
  Import took 0.004342 seconds .

========================================================================
Received Import Request.
  Time since last request: 3.313158 seconds.
  path: Assets/Plugins/FingerGestures/MouseGestures.cs
  artifactKey: Guid(235bfdbc279b6714f9191af6a6d70ac0) Importer(815301076,1909f56bfc062723c751e8b465ee728b)
Start importing Assets/Plugins/FingerGestures/MouseGestures.cs using Guid(235bfdbc279b6714f9191af6a6d70ac0) Importer(815301076,1909f56bfc062723c751e8b465ee728b)  -> (artifact id: 'cc554fd537b6fbbb832f75a598347c16') in 0.001478 seconds 
  Import took 0.004158 seconds .

========================================================================
Received Import Request.
  Time since last request: 0.259105 seconds.
  path: Assets/Plugins/FingerGestures/FingerGesturesPrefabs.cs
  artifactKey: Guid(4f5044451b6351145adff7044ef760c5) Importer(815301076,1909f56bfc062723c751e8b465ee728b)
Start importing Assets/Plugins/FingerGestures/FingerGesturesPrefabs.cs using Guid(4f5044451b6351145adff7044ef760c5) Importer(815301076,1909f56bfc062723c751e8b465ee728b)  -> (artifact id: '3c4f548207efc7a38231e55c3f0dcca0') in 0.001507 seconds 
  Import took 0.004259 seconds .

========================================================================
Received Import Request.
  Time since last request: 0.228654 seconds.
  path: Assets/Plugins/FingerGestures/FingerGesturesInitializer.cs
  artifactKey: Guid(8245b5a1189874a45acaaa457982787a) Importer(815301076,1909f56bfc062723c751e8b465ee728b)
Start importing Assets/Plugins/FingerGestures/FingerGesturesInitializer.cs using Guid(8245b5a1189874a45acaaa457982787a) Importer(815301076,1909f56bfc062723c751e8b465ee728b)  -> (artifact id: 'a8f05f77da1a3e3760a34353e351030a') in 0.001403 seconds 
  Import took 0.004059 seconds .

========================================================================
Received Import Request.
  Time since last request: 0.283934 seconds.
  path: Assets/Plugins/FingerGestures/FingerGestures.cs
  artifactKey: Guid(c49ed014673f07847be2bb1995e31a70) Importer(815301076,1909f56bfc062723c751e8b465ee728b)
Start importing Assets/Plugins/FingerGestures/FingerGestures.cs using Guid(c49ed014673f07847be2bb1995e31a70) Importer(815301076,1909f56bfc062723c751e8b465ee728b)  -> (artifact id: '2430fc031a1bc79ef904b4d1a73fd5b5') in 0.001388 seconds 
  Import took 0.004253 seconds .

========================================================================
Received Import Request.
  Time since last request: 34.810106 seconds.
  path: Assets/FingerGestures/Utils/GestureStateTracker.cs
  artifactKey: Guid(6aec1bee570d58b4488ad4989a919cd3) Importer(815301076,1909f56bfc062723c751e8b465ee728b)
Start importing Assets/FingerGestures/Utils/GestureStateTracker.cs using Guid(6aec1bee570d58b4488ad4989a919cd3) Importer(815301076,1909f56bfc062723c751e8b465ee728b)  -> (artifact id: 'ae848aae2b5f09c0c7339203043753c4') in 0.002101 seconds 
  Import took 0.005091 seconds .

========================================================================
Received Import Request.
  Time since last request: 0.275236 seconds.
  path: Assets/FingerGestures/Utils/MoveToFinger.cs
  artifactKey: Guid(a6f1187692eebe248b3b72097b4fc6f7) Importer(815301076,1909f56bfc062723c751e8b465ee728b)
Start importing Assets/FingerGestures/Utils/MoveToFinger.cs using Guid(a6f1187692eebe248b3b72097b4fc6f7) Importer(815301076,1909f56bfc062723c751e8b465ee728b)  -> (artifact id: 'a1c55d774cae91725c2c01d5540a7e25') in 0.001502 seconds 
  Import took 0.004191 seconds .

========================================================================
Received Import Request.
  Time since last request: 0.587306 seconds.
  path: Assets/FingerGestures/Utils
  artifactKey: Guid(25574f52e53bc2849af222dfec9358eb) Importer(815301076,1909f56bfc062723c751e8b465ee728b)
Start importing Assets/FingerGestures/Utils using Guid(25574f52e53bc2849af222dfec9358eb) Importer(815301076,1909f56bfc062723c751e8b465ee728b)  -> (artifact id: '150f1e032cf26fd5d48729aef9c279c4') in 0.002958 seconds 
  Import took 0.006099 seconds .

========================================================================
Received Import Request.
  Time since last request: 0.240682 seconds.
  path: Assets/FingerGestures/Toolbox
  artifactKey: Guid(9832b9dc1cd5c7c4e8a968c01af49914) Importer(815301076,1909f56bfc062723c751e8b465ee728b)
Start importing Assets/FingerGestures/Toolbox using Guid(9832b9dc1cd5c7c4e8a968c01af49914) Importer(815301076,1909f56bfc062723c751e8b465ee728b)  -> (artifact id: '4b1fc678aa204234c30a63399b5a946b') in 0.002512 seconds 
  Import took 0.005487 seconds .

========================================================================
Received Import Request.
  Time since last request: 2.282899 seconds.
  path: Assets/FingerGestures/Prefabs
  artifactKey: Guid(ee47017eced5b6140a539068f136f63e) Importer(815301076,1909f56bfc062723c751e8b465ee728b)
Start importing Assets/FingerGestures/Prefabs using Guid(ee47017eced5b6140a539068f136f63e) Importer(815301076,1909f56bfc062723c751e8b465ee728b)  -> (artifact id: '4fb7ff4be0c95dfb8d5000941d7e073d') in 0.002688 seconds 
  Import took 0.005480 seconds .

========================================================================
Received Import Request.
  Time since last request: 3.642405 seconds.
  path: Assets/FingerGestures/Prefabs/Components
  artifactKey: Guid(22180498b70e68a46a415407909764c1) Importer(815301076,1909f56bfc062723c751e8b465ee728b)
Start importing Assets/FingerGestures/Prefabs/Components using Guid(22180498b70e68a46a415407909764c1) Importer(815301076,1909f56bfc062723c751e8b465ee728b)  -> (artifact id: '936dc799440a4b897b02174a52772c5d') in 0.003449 seconds 
  Import took 0.006236 seconds .

========================================================================
Received Import Request.
  Time since last request: 84.346145 seconds.
  path: Assets/Resources
  artifactKey: Guid(93888209bfce6594895d802207b56ed6) Importer(815301076,1909f56bfc062723c751e8b465ee728b)
Start importing Assets/Resources using Guid(93888209bfce6594895d802207b56ed6) Importer(815301076,1909f56bfc062723c751e8b465ee728b)  -> (artifact id: '2cd69d4660569257cb79c78e865187a7') in 0.001870 seconds 
  Import took 0.004798 seconds .

========================================================================
Received Import Request.
  Time since last request: 2.952215 seconds.
  path: Assets/FingerGestures/Prefabs/Default Gesture Prefabs.prefab
  artifactKey: Guid(f852a7c4947296945ab308eb271344eb) Importer(815301076,1909f56bfc062723c751e8b465ee728b)
Start importing Assets/FingerGestures/Prefabs/Default Gesture Prefabs.prefab using Guid(f852a7c4947296945ab308eb271344eb) Importer(815301076,1909f56bfc062723c751e8b465ee728b)  -> (artifact id: 'e2fda510747ed216aecbed26cb4ae8c9') in 0.004916 seconds 
  Import took 0.007675 seconds .

========================================================================
Received Import Request.
  Time since last request: 4.559950 seconds.
  path: Assets/FingerGestures/Prefabs/Mouse Gestures.prefab
  artifactKey: Guid(0db729b87c6f49947938f8d8f0bc66a2) Importer(815301076,1909f56bfc062723c751e8b465ee728b)
Start importing Assets/FingerGestures/Prefabs/Mouse Gestures.prefab using Guid(0db729b87c6f49947938f8d8f0bc66a2) Importer(815301076,1909f56bfc062723c751e8b465ee728b)  -> (artifact id: '3e7e6219c0248eba0d76dfd4b458b8da') in 0.004976 seconds 
  Import took 0.007863 seconds .

========================================================================
Received Import Request.
  Time since last request: 1.124841 seconds.
  path: Assets/FingerGestures/Prefabs/TouchScreen Gestures.prefab
  artifactKey: Guid(25a1ca465418dc74fbf93d1ea113c68f) Importer(815301076,1909f56bfc062723c751e8b465ee728b)
Start importing Assets/FingerGestures/Prefabs/TouchScreen Gestures.prefab using Guid(25a1ca465418dc74fbf93d1ea113c68f) Importer(815301076,1909f56bfc062723c751e8b465ee728b)  -> (artifact id: '7e239bd32e9166ee5c54b17a2383f2e8') in 0.017923 seconds 
  Import took 0.020742 seconds .

========================================================================
Received Import Request.
  Time since last request: 2.252691 seconds.
  path: Assets/FingerGestures/Prefabs/Default Mouse Gesture Prefabs.prefab
  artifactKey: Guid(92d740d5c1418da429b9654f3951d0c3) Importer(815301076,1909f56bfc062723c751e8b465ee728b)
Start importing Assets/FingerGestures/Prefabs/Default Mouse Gesture Prefabs.prefab using Guid(92d740d5c1418da429b9654f3951d0c3) Importer(815301076,1909f56bfc062723c751e8b465ee728b)  -> (artifact id: '11059df90221a541095cd28f0f96eb71') in 0.008318 seconds 
  Import took 0.011244 seconds .

========================================================================
Received Import Request.
  Time since last request: 42.659067 seconds.
  path: Assets/FingerGestures/SkeletonCode/CSharpSkeleton.cs
  artifactKey: Guid(4a2274d1821b77441b49bb109537a046) Importer(815301076,1909f56bfc062723c751e8b465ee728b)
Start importing Assets/FingerGestures/SkeletonCode/CSharpSkeleton.cs using Guid(4a2274d1821b77441b49bb109537a046) Importer(815301076,1909f56bfc062723c751e8b465ee728b)  -> (artifact id: 'da939a1c8953431b905d6b4ff9f12f60') in 0.002940 seconds 
  Import took 0.005821 seconds .

AssetImportWorkerClient::OnTransportError - code=2 error=End of file
